Determining if the pthread_create exist failed with the following output:
Change Dir: /home/jonas/Git/MAP2018/ROS/WS_Nav_SBPL/build/CMakeFiles/CMakeTmp

Run Build Command:"/usr/bin/make" "cmTC_d4406/fast"
/usr/bin/make -f CMakeFiles/cmTC_d4406.dir/build.make CMakeFiles/cmTC_d4406.dir/build
make[1]: Entering directory '/home/jonas/Git/MAP2018/ROS/WS_Nav_SBPL/build/CMakeFiles/CMakeTmp'
Building C object CMakeFiles/cmTC_d4406.dir/CheckSymbolExists.c.o
/usr/bin/cc     -o CMakeFiles/cmTC_d4406.dir/CheckSymbolExists.c.o   -c /home/jonas/Git/MAP2018/ROS/WS_Nav_SBPL/build/CMakeFiles/CMakeTmp/CheckSymbolExists.c
Linking C executable cmTC_d4406
/usr/bin/cmake -E cmake_link_script CMakeFiles/cmTC_d4406.dir/link.txt --verbose=1
/usr/bin/cc       CMakeFiles/cmTC_d4406.dir/CheckSymbolExists.c.o  -o cmTC_d4406 -rdynamic 
CMakeFiles/cmTC_d4406.dir/CheckSymbolExists.c.o: In function `main':
CheckSymbolExists.c:(.text+0x16): undefined reference to `pthread_create'
collect2: error: ld returned 1 exit status
CMakeFiles/cmTC_d4406.dir/build.make:97: recipe for target 'cmTC_d4406' failed
make[1]: *** [cmTC_d4406] Error 1
make[1]: Leaving directory '/home/jonas/Git/MAP2018/ROS/WS_Nav_SBPL/build/CMakeFiles/CMakeTmp'
Makefile:126: recipe for target 'cmTC_d4406/fast' failed
make: *** [cmTC_d4406/fast] Error 2

File /home/jonas/Git/MAP2018/ROS/WS_Nav_SBPL/build/CMakeFiles/CMakeTmp/CheckSymbolExists.c:
/* */
#include <pthread.h>

int main(int argc, char** argv)
{
  (void)argv;
#ifndef pthread_create
  return ((int*)(&pthread_create))[argc];
#else
  (void)argc;
  return 0;
#endif
}

Determining if the function pthread_create exists in the pthreads failed with the following output:
Change Dir: /home/jonas/Git/MAP2018/ROS/WS_Nav_SBPL/build/CMakeFiles/CMakeTmp

Run Build Command:"/usr/bin/make" "cmTC_35626/fast"
/usr/bin/make -f CMakeFiles/cmTC_35626.dir/build.make CMakeFiles/cmTC_35626.dir/build
make[1]: Entering directory '/home/jonas/Git/MAP2018/ROS/WS_Nav_SBPL/build/CMakeFiles/CMakeTmp'
Building C object CMakeFiles/cmTC_35626.dir/CheckFunctionExists.c.o
/usr/bin/cc    -DCHECK_FUNCTION_EXISTS=pthread_create   -o CMakeFiles/cmTC_35626.dir/CheckFunctionExists.c.o   -c /usr/share/cmake-3.5/Modules/CheckFunctionExists.c
Linking C executable cmTC_35626
/usr/bin/cmake -E cmake_link_script CMakeFiles/cmTC_35626.dir/link.txt --verbose=1
/usr/bin/cc   -DCHECK_FUNCTION_EXISTS=pthread_create    CMakeFiles/cmTC_35626.dir/CheckFunctionExists.c.o  -o cmTC_35626 -rdynamic -lpthreads 
/usr/bin/ld: cannot find -lpthreads
collect2: error: ld returned 1 exit status
CMakeFiles/cmTC_35626.dir/build.make:97: recipe for target 'cmTC_35626' failed
make[1]: *** [cmTC_35626] Error 1
make[1]: Leaving directory '/home/jonas/Git/MAP2018/ROS/WS_Nav_SBPL/build/CMakeFiles/CMakeTmp'
Makefile:126: recipe for target 'cmTC_35626/fast' failed
make: *** [cmTC_35626/fast] Error 2


