Determining if the pthread_create exist failed with the following output:
Change Dir: /home/jonas/Git/MAP2018/ROS/WS_Nav_PurePursuit/build/CMakeFiles/CMakeTmp

Run Build Command:"/usr/bin/make" "cmTC_cdb15/fast"
/usr/bin/make -f CMakeFiles/cmTC_cdb15.dir/build.make CMakeFiles/cmTC_cdb15.dir/build
make[1]: Entering directory '/home/jonas/Git/MAP2018/ROS/WS_Nav_PurePursuit/build/CMakeFiles/CMakeTmp'
Building C object CMakeFiles/cmTC_cdb15.dir/CheckSymbolExists.c.o
/usr/bin/cc     -o CMakeFiles/cmTC_cdb15.dir/CheckSymbolExists.c.o   -c /home/jonas/Git/MAP2018/ROS/WS_Nav_PurePursuit/build/CMakeFiles/CMakeTmp/CheckSymbolExists.c
Linking C executable cmTC_cdb15
/usr/bin/cmake -E cmake_link_script CMakeFiles/cmTC_cdb15.dir/link.txt --verbose=1
/usr/bin/cc       CMakeFiles/cmTC_cdb15.dir/CheckSymbolExists.c.o  -o cmTC_cdb15 -rdynamic 
CMakeFiles/cmTC_cdb15.dir/CheckSymbolExists.c.o: In function `main':
CheckSymbolExists.c:(.text+0x16): undefined reference to `pthread_create'
collect2: error: ld returned 1 exit status
CMakeFiles/cmTC_cdb15.dir/build.make:97: recipe for target 'cmTC_cdb15' failed
make[1]: *** [cmTC_cdb15] Error 1
make[1]: Leaving directory '/home/jonas/Git/MAP2018/ROS/WS_Nav_PurePursuit/build/CMakeFiles/CMakeTmp'
Makefile:126: recipe for target 'cmTC_cdb15/fast' failed
make: *** [cmTC_cdb15/fast] Error 2

File /home/jonas/Git/MAP2018/ROS/WS_Nav_PurePursuit/build/CMakeFiles/CMakeTmp/CheckSymbolExists.c:
/* */
#include <pthread.h>

int main(int argc, char** argv)
{
  (void)argv;
#ifndef pthread_create
  return ((int*)(&pthread_create))[argc];
#else
  (void)argc;
  return 0;
#endif
}

Determining if the function pthread_create exists in the pthreads failed with the following output:
Change Dir: /home/jonas/Git/MAP2018/ROS/WS_Nav_PurePursuit/build/CMakeFiles/CMakeTmp

Run Build Command:"/usr/bin/make" "cmTC_7c45c/fast"
/usr/bin/make -f CMakeFiles/cmTC_7c45c.dir/build.make CMakeFiles/cmTC_7c45c.dir/build
make[1]: Entering directory '/home/jonas/Git/MAP2018/ROS/WS_Nav_PurePursuit/build/CMakeFiles/CMakeTmp'
Building C object CMakeFiles/cmTC_7c45c.dir/CheckFunctionExists.c.o
/usr/bin/cc    -DCHECK_FUNCTION_EXISTS=pthread_create   -o CMakeFiles/cmTC_7c45c.dir/CheckFunctionExists.c.o   -c /usr/share/cmake-3.5/Modules/CheckFunctionExists.c
Linking C executable cmTC_7c45c
/usr/bin/cmake -E cmake_link_script CMakeFiles/cmTC_7c45c.dir/link.txt --verbose=1
/usr/bin/cc   -DCHECK_FUNCTION_EXISTS=pthread_create    CMakeFiles/cmTC_7c45c.dir/CheckFunctionExists.c.o  -o cmTC_7c45c -rdynamic -lpthreads 
/usr/bin/ld: cannot find -lpthreads
collect2: error: ld returned 1 exit status
CMakeFiles/cmTC_7c45c.dir/build.make:97: recipe for target 'cmTC_7c45c' failed
make[1]: *** [cmTC_7c45c] Error 1
make[1]: Leaving directory '/home/jonas/Git/MAP2018/ROS/WS_Nav_PurePursuit/build/CMakeFiles/CMakeTmp'
Makefile:126: recipe for target 'cmTC_7c45c/fast' failed
make: *** [cmTC_7c45c/fast] Error 2


